<?xml version="1.0" encoding="UTF-8" ?>
<testsuites>
 <testsuite name="Document list" timestamp="2017-03-11T00:51:32" hostname="localhost" time="1.3" errors="0" tests="1" skipped="0" disabled="0" failures="0">
  <testcase classname="Document list" name="should have a title" time="1.299" />
 </testsuite>
</testsuites>